<?xml version="1.0" encoding="UTF-8"?>
<!-- Generated by org.testng.reporters.JUnitXMLReporter -->
<testsuite ignored="0" hostname="AELPT-0923" failures="1" tests="3" name="Test" time="34.542" errors="0" timestamp="2026-01-31T13:28:25 IST">
  <testcase classname="ecommerce.project.base.BaseClass" name="@AfterMethod afterResultSetReport" time="0.029">
    <failure type="java.lang.NullPointerException" message="Cannot invoke &amp;quot;com.aventstack.extentreports.ExtentTest.log(com.aventstack.extentreports.Status, com.aventstack.extentreports.markuputils.Markup)&amp;quot; because &amp;quot;ecommerce.project.base.BaseClass.extentTest&amp;quot; is null">
      <![CDATA[java.lang.NullPointerException: Cannot invoke "com.aventstack.extentreports.ExtentTest.log(com.aventstack.extentreports.Status, com.aventstack.extentreports.markuputils.Markup)" because "ecommerce.project.base.BaseClass.extentTest" is null
at ecommerce.project.base.BaseClass.afterResultSetReport(BaseClass.java:138)
at java.base/java.util.ArrayList.forEach(ArrayList.java:1511)
... Removed 32 stack frames]]>
    </failure>
  </testcase> <!-- @AfterMethod afterResultSetReport -->
  <testcase classname="ecommerce.project.base.BaseClass" name="@BeforeMethod userAuthenticate" time="-1.769846304046E9">
    <skipped/>
  </testcase> <!-- @BeforeMethod userAuthenticate -->
  <testcase classname="ecommerce.project.base.BaseClass" name="@AfterMethod afterResultSetReport" time="-1.769846304058E9">
    <skipped/>
  </testcase> <!-- @AfterMethod afterResultSetReport -->
  <testcase classname="ecommerce.project.base.BaseClass" name="@BeforeMethod userAuthenticate" time="-1.769846304062E9">
    <skipped/>
  </testcase> <!-- @BeforeMethod userAuthenticate -->
  <testcase classname="ecommerce.project.base.BaseClass" name="@AfterMethod afterResultSetReport" time="-1.769846304072E9">
    <skipped/>
  </testcase> <!-- @AfterMethod afterResultSetReport -->
  <testcase classname="ecommerce.test.UserAuthenticationTest" name="signUpUser" time="4.114">
    <failure type="java.lang.AssertionError" message="SignUp Failed for Email singhashu01@gmail.com(Email Already Exist..">
      <![CDATA[java.lang.AssertionError: SignUp Failed for Email singhashu01@gmail.com(Email Already Exist..
at ecommerce.main.UserAuthentication.signUP(UserAuthentication.java:133)
at ecommerce.test.UserAuthenticationTest.signUpUser(UserAuthenticationTest.java:34)
at java.base/java.util.ArrayList.forEach(ArrayList.java:1511)
... Removed 28 stack frames]]>
    </failure>
  </testcase> <!-- signUpUser -->
  <testcase classname="ecommerce.test.UserAuthenticationTest" name="signUpUser" time="0.0">
    <skipped/>
  </testcase> <!-- signUpUser -->
  <testcase classname="ecommerce.test.UserAuthenticationTest" name="signUpUser" time="0.0">
    <skipped/>
  </testcase> <!-- signUpUser -->
</testsuite> <!-- Test -->
