<?xml version="1.0" encoding="UTF-8"?>
<testng-results ignored="0" total="1" passed="1" failed="0" skipped="0">
  <reporter-output>
  </reporter-output>
  <suite started-at="2026-01-30T09:29:49 IST" name="Default suite" finished-at="2026-01-30T09:30:26 IST" duration-ms="36510">
    <groups>
    </groups>
    <test started-at="2026-01-30T09:29:49 IST" name="Default test" finished-at="2026-01-30T09:30:26 IST" duration-ms="36510">
      <class name="ecommerce.test.UserAuthenticationTest">
        <test-method is-config="true" signature="setReports()[pri:0, instance:ecommerce.test.UserAuthenticationTest@73c60324]" started-at="2026-01-30T09:29:49 IST" name="setReports" finished-at="2026-01-30T09:29:50 IST" duration-ms="357" status="PASS">
          <reporter-output>
          </reporter-output>
        </test-method> <!-- setReports -->
        <test-method is-config="true" signature="userAuthenticate()[pri:0, instance:ecommerce.test.UserAuthenticationTest@73c60324]" started-at="2026-01-30T09:29:50 IST" name="userAuthenticate" finished-at="2026-01-30T09:29:59 IST" duration-ms="9526" status="PASS">
          <reporter-output>
          </reporter-output>
        </test-method> <!-- userAuthenticate -->
        <test-method signature="signUpUser()[pri:0, instance:ecommerce.test.UserAuthenticationTest@73c60324]" started-at="2026-01-30T09:29:59 IST" name="signUpUser" finished-at="2026-01-30T09:30:24 IST" duration-ms="24459" status="PASS">
          <reporter-output>
          </reporter-output>
        </test-method> <!-- signUpUser -->
        <test-method is-config="true" signature="afterResultSetReport(org.testng.ITestResult)[pri:0, instance:ecommerce.test.UserAuthenticationTest@73c60324]" started-at="2026-01-30T09:30:24 IST" name="afterResultSetReport" finished-at="2026-01-30T09:30:24 IST" duration-ms="28" status="PASS">
          <params>
            <param index="0">
              <value>
                <![CDATA[[TestResult name=signUpUser status=SUCCESS method=UserAuthenticationTest.signUpUser()[pri:0, instance:ecommerce.test.UserAuthenticationTest@73c60324] output={null}]]]>
              </value>
            </param>
          </params>
          <reporter-output>
          </reporter-output>
        </test-method> <!-- afterResultSetReport -->
        <test-method is-config="true" signature="flushTest()[pri:0, instance:ecommerce.test.UserAuthenticationTest@73c60324]" started-at="2026-01-30T09:30:24 IST" name="flushTest" finished-at="2026-01-30T09:30:26 IST" duration-ms="2080" status="PASS">
          <reporter-output>
          </reporter-output>
        </test-method> <!-- flushTest -->
      </class> <!-- ecommerce.test.UserAuthenticationTest -->
    </test> <!-- Default test -->
  </suite> <!-- Default suite -->
</testng-results>
