<?xml version="1.0" encoding="UTF-8"?>
<testng-results ignored="0" total="3" passed="0" failed="3" skipped="0">
  <reporter-output>
  </reporter-output>
  <suite started-at="2026-01-31T14:01:50 IST" name="Default suite" finished-at="2026-01-31T14:02:46 IST" duration-ms="56332">
    <groups>
    </groups>
    <test started-at="2026-01-31T14:01:50 IST" name="Default test" finished-at="2026-01-31T14:02:46 IST" duration-ms="56332">
      <class name="ecommerce.test.UserAuthenticationTest">
        <test-method is-config="true" signature="setReports()[pri:0, instance:ecommerce.test.UserAuthenticationTest@67389cb8]" started-at="2026-01-31T14:01:50 IST" name="setReports" finished-at="2026-01-31T14:01:50 IST" duration-ms="461" status="PASS">
          <reporter-output>
          </reporter-output>
        </test-method> <!-- setReports -->
        <test-method is-config="true" signature="userAuthenticate()[pri:0, instance:ecommerce.test.UserAuthenticationTest@67389cb8]" started-at="2026-01-31T14:01:50 IST" name="userAuthenticate" finished-at="2026-01-31T14:01:58 IST" duration-ms="8016" status="PASS">
          <reporter-output>
          </reporter-output>
        </test-method> <!-- userAuthenticate -->
        <test-method signature="signUpUser(java.lang.String,java.lang.String,java.lang.String,java.lang.String,java.lang.String,java.lang.String,java.lang.String,int,java.lang.String,java.lang.String,java.lang.String,java.lang.String,java.lang.String,java.lang.String,java.lang.String,java.lang.String,java.lang.String,java.lang.String,java.lang.String)[pri:0, instance:ecommerce.test.UserAuthenticationTest@67389cb8]" started-at="2026-01-31T14:01:58 IST" name="signUpUser" data-provider="signupData" finished-at="2026-01-31T14:02:03 IST" duration-ms="5209" status="FAIL">
          <params>
            <param index="0">
              <value>
                <![CDATA[Ashu]]>
              </value>
            </param>
            <param index="1">
              <value>
                <![CDATA[singhashu01@gmail.com]]>
              </value>
            </param>
            <param index="2">
              <value>
                <![CDATA[Male]]>
              </value>
            </param>
            <param index="3">
              <value>
                <![CDATA[Ashu]]>
              </value>
            </param>
            <param index="4">
              <value>
                <![CDATA[singhashu01@gmail.com]]>
              </value>
            </param>
            <param index="5">
              <value>
                <![CDATA[Ashu@123]]>
              </value>
            </param>
            <param index="6">
              <value>
                <![CDATA[17]]>
              </value>
            </param>
            <param index="7">
              <value>
                <![CDATA[2]]>
              </value>
            </param>
            <param index="8">
              <value>
                <![CDATA[1997]]>
              </value>
            </param>
            <param index="9">
              <value>
                <![CDATA[Ashu]]>
              </value>
            </param>
            <param index="10">
              <value>
                <![CDATA[Singh]]>
              </value>
            </param>
            <param index="11">
              <value>
                <![CDATA[AE]]>
              </value>
            </param>
            <param index="12">
              <value>
                <![CDATA[A 21]]>
              </value>
            </param>
            <param index="13">
              <value>
                <![CDATA[Dabua Colony]]>
              </value>
            </param>
            <param index="14">
              <value>
                <![CDATA[India]]>
              </value>
            </param>
            <param index="15">
              <value>
                <![CDATA[HR]]>
              </value>
            </param>
            <param index="16">
              <value>
                <![CDATA[FBD]]>
              </value>
            </param>
            <param index="17">
              <value>
                <![CDATA[121001]]>
              </value>
            </param>
            <param index="18">
              <value>
                <![CDATA[7042579843]]>
              </value>
            </param>
          </params>
          <exception class="java.lang.AssertionError">
            <message>
              <![CDATA[SignUp Failed for Email singhashu01@gmail.com(Email Already Exist..]]>
            </message>
            <full-stacktrace>
              <![CDATA[java.lang.AssertionError: SignUp Failed for Email singhashu01@gmail.com(Email Already Exist..
at org.testng.Assert.fail(Assert.java:99)
at ecommerce.main.UserAuthentication.signUP(UserAuthentication.java:133)
at ecommerce.test.UserAuthenticationTest.signUpUser(UserAuthenticationTest.java:37)
at java.base/jdk.internal.reflect.NativeMethodAccessorImpl.invoke0(Native Method)
at java.base/jdk.internal.reflect.NativeMethodAccessorImpl.invoke(NativeMethodAccessorImpl.java:77)
at java.base/jdk.internal.reflect.DelegatingMethodAccessorImpl.invoke(DelegatingMethodAccessorImpl.java:43)
at java.base/java.lang.reflect.Method.invoke(Method.java:568)
at org.testng.internal.MethodInvocationHelper.invokeMethod(MethodInvocationHelper.java:133)
at org.testng.internal.TestInvoker.invokeMethod(TestInvoker.java:598)
at org.testng.internal.TestInvoker.invokeTestMethod(TestInvoker.java:173)
at org.testng.internal.MethodRunner.runInSequence(MethodRunner.java:46)
at org.testng.internal.TestInvoker$MethodInvocationAgent.invoke(TestInvoker.java:824)
at org.testng.internal.TestInvoker.invokeTestMethods(TestInvoker.java:146)
at org.testng.internal.TestMethodWorker.invokeTestMethods(TestMethodWorker.java:146)
at org.testng.internal.TestMethodWorker.run(TestMethodWorker.java:128)
at java.base/java.util.ArrayList.forEach(ArrayList.java:1511)
at org.testng.TestRunner.privateRun(TestRunner.java:794)
at org.testng.TestRunner.run(TestRunner.java:596)
at org.testng.SuiteRunner.runTest(SuiteRunner.java:377)
at org.testng.SuiteRunner.runSequentially(SuiteRunner.java:371)
at org.testng.SuiteRunner.privateRun(SuiteRunner.java:332)
at org.testng.SuiteRunner.run(SuiteRunner.java:276)
at org.testng.SuiteRunnerWorker.runSuite(SuiteRunnerWorker.java:53)
at org.testng.SuiteRunnerWorker.run(SuiteRunnerWorker.java:96)
at org.testng.TestNG.runSuitesSequentially(TestNG.java:1212)
at org.testng.TestNG.runSuitesLocally(TestNG.java:1134)
at org.testng.TestNG.runSuites(TestNG.java:1063)
at org.testng.TestNG.run(TestNG.java:1031)
at org.testng.remote.AbstractRemoteTestNG.run(AbstractRemoteTestNG.java:115)
at org.testng.remote.RemoteTestNG.initAndRun(RemoteTestNG.java:293)
at org.testng.remote.RemoteTestNG.main(RemoteTestNG.java:91)
]]>
            </full-stacktrace>
          </exception> <!-- java.lang.AssertionError -->
          <reporter-output>
          </reporter-output>
        </test-method> <!-- signUpUser -->
        <test-method is-config="true" signature="userAuthenticate()[pri:0, instance:ecommerce.test.UserAuthenticationTest@67389cb8]" started-at="2026-01-31T14:02:04 IST" name="userAuthenticate" finished-at="2026-01-31T14:02:16 IST" duration-ms="12078" status="PASS">
          <reporter-output>
          </reporter-output>
        </test-method> <!-- userAuthenticate -->
        <test-method signature="signUpUser(java.lang.String,java.lang.String,java.lang.String,java.lang.String,java.lang.String,java.lang.String,java.lang.String,int,java.lang.String,java.lang.String,java.lang.String,java.lang.String,java.lang.String,java.lang.String,java.lang.String,java.lang.String,java.lang.String,java.lang.String,java.lang.String)[pri:0, instance:ecommerce.test.UserAuthenticationTest@67389cb8]" started-at="2026-01-31T14:02:16 IST" name="signUpUser" data-provider="signupData" finished-at="2026-01-31T14:02:21 IST" duration-ms="5332" status="FAIL">
          <params>
            <param index="0">
              <value>
                <![CDATA[Jiya]]>
              </value>
            </param>
            <param index="1">
              <value>
                <![CDATA[singhashu02@gmail.com]]>
              </value>
            </param>
            <param index="2">
              <value>
                <![CDATA[Female]]>
              </value>
            </param>
            <param index="3">
              <value>
                <![CDATA[Jiya]]>
              </value>
            </param>
            <param index="4">
              <value>
                <![CDATA[singhashu02@gmail.com]]>
              </value>
            </param>
            <param index="5">
              <value>
                <![CDATA[Jiya@123]]>
              </value>
            </param>
            <param index="6">
              <value>
                <![CDATA[8]]>
              </value>
            </param>
            <param index="7">
              <value>
                <![CDATA[5]]>
              </value>
            </param>
            <param index="8">
              <value>
                <![CDATA[2020]]>
              </value>
            </param>
            <param index="9">
              <value>
                <![CDATA[Jiya]]>
              </value>
            </param>
            <param index="10">
              <value>
                <![CDATA[Singh]]>
              </value>
            </param>
            <param index="11">
              <value>
                <![CDATA[AI]]>
              </value>
            </param>
            <param index="12">
              <value>
                <![CDATA[A 21]]>
              </value>
            </param>
            <param index="13">
              <value>
                <![CDATA[Dabua Colony]]>
              </value>
            </param>
            <param index="14">
              <value>
                <![CDATA[India]]>
              </value>
            </param>
            <param index="15">
              <value>
                <![CDATA[HR]]>
              </value>
            </param>
            <param index="16">
              <value>
                <![CDATA[FBD]]>
              </value>
            </param>
            <param index="17">
              <value>
                <![CDATA[121001]]>
              </value>
            </param>
            <param index="18">
              <value>
                <![CDATA[9810134486]]>
              </value>
            </param>
          </params>
          <exception class="java.lang.AssertionError">
            <message>
              <![CDATA[SignUp Failed for Email singhashu02@gmail.com(Email Already Exist..]]>
            </message>
            <full-stacktrace>
              <![CDATA[java.lang.AssertionError: SignUp Failed for Email singhashu02@gmail.com(Email Already Exist..
at org.testng.Assert.fail(Assert.java:99)
at ecommerce.main.UserAuthentication.signUP(UserAuthentication.java:133)
at ecommerce.test.UserAuthenticationTest.signUpUser(UserAuthenticationTest.java:37)
at java.base/jdk.internal.reflect.NativeMethodAccessorImpl.invoke0(Native Method)
at java.base/jdk.internal.reflect.NativeMethodAccessorImpl.invoke(NativeMethodAccessorImpl.java:77)
at java.base/jdk.internal.reflect.DelegatingMethodAccessorImpl.invoke(DelegatingMethodAccessorImpl.java:43)
at java.base/java.lang.reflect.Method.invoke(Method.java:568)
at org.testng.internal.MethodInvocationHelper.invokeMethod(MethodInvocationHelper.java:133)
at org.testng.internal.TestInvoker.invokeMethod(TestInvoker.java:598)
at org.testng.internal.TestInvoker.invokeTestMethod(TestInvoker.java:173)
at org.testng.internal.MethodRunner.runInSequence(MethodRunner.java:46)
at org.testng.internal.TestInvoker$MethodInvocationAgent.invoke(TestInvoker.java:824)
at org.testng.internal.TestInvoker.invokeTestMethods(TestInvoker.java:146)
at org.testng.internal.TestMethodWorker.invokeTestMethods(TestMethodWorker.java:146)
at org.testng.internal.TestMethodWorker.run(TestMethodWorker.java:128)
at java.base/java.util.ArrayList.forEach(ArrayList.java:1511)
at org.testng.TestRunner.privateRun(TestRunner.java:794)
at org.testng.TestRunner.run(TestRunner.java:596)
at org.testng.SuiteRunner.runTest(SuiteRunner.java:377)
at org.testng.SuiteRunner.runSequentially(SuiteRunner.java:371)
at org.testng.SuiteRunner.privateRun(SuiteRunner.java:332)
at org.testng.SuiteRunner.run(SuiteRunner.java:276)
at org.testng.SuiteRunnerWorker.runSuite(SuiteRunnerWorker.java:53)
at org.testng.SuiteRunnerWorker.run(SuiteRunnerWorker.java:96)
at org.testng.TestNG.runSuitesSequentially(TestNG.java:1212)
at org.testng.TestNG.runSuitesLocally(TestNG.java:1134)
at org.testng.TestNG.runSuites(TestNG.java:1063)
at org.testng.TestNG.run(TestNG.java:1031)
at org.testng.remote.AbstractRemoteTestNG.run(AbstractRemoteTestNG.java:115)
at org.testng.remote.RemoteTestNG.initAndRun(RemoteTestNG.java:293)
at org.testng.remote.RemoteTestNG.main(RemoteTestNG.java:91)
]]>
            </full-stacktrace>
          </exception> <!-- java.lang.AssertionError -->
          <reporter-output>
          </reporter-output>
        </test-method> <!-- signUpUser -->
        <test-method is-config="true" signature="userAuthenticate()[pri:0, instance:ecommerce.test.UserAuthenticationTest@67389cb8]" started-at="2026-01-31T14:02:23 IST" name="userAuthenticate" finished-at="2026-01-31T14:02:37 IST" duration-ms="14468" status="PASS">
          <reporter-output>
          </reporter-output>
        </test-method> <!-- userAuthenticate -->
        <test-method signature="signUpUser(java.lang.String,java.lang.String,java.lang.String,java.lang.String,java.lang.String,java.lang.String,java.lang.String,int,java.lang.String,java.lang.String,java.lang.String,java.lang.String,java.lang.String,java.lang.String,java.lang.String,java.lang.String,java.lang.String,java.lang.String,java.lang.String)[pri:0, instance:ecommerce.test.UserAuthenticationTest@67389cb8]" started-at="2026-01-31T14:02:37 IST" name="signUpUser" data-provider="signupData" finished-at="2026-01-31T14:02:44 IST" duration-ms="6782" status="FAIL">
          <params>
            <param index="0">
              <value>
                <![CDATA[Tulika]]>
              </value>
            </param>
            <param index="1">
              <value>
                <![CDATA[singhashu03@gmail.com]]>
              </value>
            </param>
            <param index="2">
              <value>
                <![CDATA[Female]]>
              </value>
            </param>
            <param index="3">
              <value>
                <![CDATA[Tulika]]>
              </value>
            </param>
            <param index="4">
              <value>
                <![CDATA[singhashu03@gmail.com]]>
              </value>
            </param>
            <param index="5">
              <value>
                <![CDATA[Tulika@123]]>
              </value>
            </param>
            <param index="6">
              <value>
                <![CDATA[27]]>
              </value>
            </param>
            <param index="7">
              <value>
                <![CDATA[10]]>
              </value>
            </param>
            <param index="8">
              <value>
                <![CDATA[2000]]>
              </value>
            </param>
            <param index="9">
              <value>
                <![CDATA[Tulika]]>
              </value>
            </param>
            <param index="10">
              <value>
                <![CDATA[Singh]]>
              </value>
            </param>
            <param index="11">
              <value>
                <![CDATA[KP]]>
              </value>
            </param>
            <param index="12">
              <value>
                <![CDATA[A 21]]>
              </value>
            </param>
            <param index="13">
              <value>
                <![CDATA[Dabua Colony]]>
              </value>
            </param>
            <param index="14">
              <value>
                <![CDATA[India]]>
              </value>
            </param>
            <param index="15">
              <value>
                <![CDATA[HR]]>
              </value>
            </param>
            <param index="16">
              <value>
                <![CDATA[FBD]]>
              </value>
            </param>
            <param index="17">
              <value>
                <![CDATA[121001]]>
              </value>
            </param>
            <param index="18">
              <value>
                <![CDATA[9810134496]]>
              </value>
            </param>
          </params>
          <exception class="java.lang.AssertionError">
            <message>
              <![CDATA[SignUp Failed for Email singhashu03@gmail.com(Email Already Exist..]]>
            </message>
            <full-stacktrace>
              <![CDATA[java.lang.AssertionError: SignUp Failed for Email singhashu03@gmail.com(Email Already Exist..
at org.testng.Assert.fail(Assert.java:99)
at ecommerce.main.UserAuthentication.signUP(UserAuthentication.java:133)
at ecommerce.test.UserAuthenticationTest.signUpUser(UserAuthenticationTest.java:37)
at java.base/jdk.internal.reflect.NativeMethodAccessorImpl.invoke0(Native Method)
at java.base/jdk.internal.reflect.NativeMethodAccessorImpl.invoke(NativeMethodAccessorImpl.java:77)
at java.base/jdk.internal.reflect.DelegatingMethodAccessorImpl.invoke(DelegatingMethodAccessorImpl.java:43)
at java.base/java.lang.reflect.Method.invoke(Method.java:568)
at org.testng.internal.MethodInvocationHelper.invokeMethod(MethodInvocationHelper.java:133)
at org.testng.internal.TestInvoker.invokeMethod(TestInvoker.java:598)
at org.testng.internal.TestInvoker.invokeTestMethod(TestInvoker.java:173)
at org.testng.internal.MethodRunner.runInSequence(MethodRunner.java:46)
at org.testng.internal.TestInvoker$MethodInvocationAgent.invoke(TestInvoker.java:824)
at org.testng.internal.TestInvoker.invokeTestMethods(TestInvoker.java:146)
at org.testng.internal.TestMethodWorker.invokeTestMethods(TestMethodWorker.java:146)
at org.testng.internal.TestMethodWorker.run(TestMethodWorker.java:128)
at java.base/java.util.ArrayList.forEach(ArrayList.java:1511)
at org.testng.TestRunner.privateRun(TestRunner.java:794)
at org.testng.TestRunner.run(TestRunner.java:596)
at org.testng.SuiteRunner.runTest(SuiteRunner.java:377)
at org.testng.SuiteRunner.runSequentially(SuiteRunner.java:371)
at org.testng.SuiteRunner.privateRun(SuiteRunner.java:332)
at org.testng.SuiteRunner.run(SuiteRunner.java:276)
at org.testng.SuiteRunnerWorker.runSuite(SuiteRunnerWorker.java:53)
at org.testng.SuiteRunnerWorker.run(SuiteRunnerWorker.java:96)
at org.testng.TestNG.runSuitesSequentially(TestNG.java:1212)
at org.testng.TestNG.runSuitesLocally(TestNG.java:1134)
at org.testng.TestNG.runSuites(TestNG.java:1063)
at org.testng.TestNG.run(TestNG.java:1031)
at org.testng.remote.AbstractRemoteTestNG.run(AbstractRemoteTestNG.java:115)
at org.testng.remote.RemoteTestNG.initAndRun(RemoteTestNG.java:293)
at org.testng.remote.RemoteTestNG.main(RemoteTestNG.java:91)
]]>
            </full-stacktrace>
          </exception> <!-- java.lang.AssertionError -->
          <reporter-output>
          </reporter-output>
        </test-method> <!-- signUpUser -->
        <test-method is-config="true" signature="flushTest()[pri:0, instance:ecommerce.test.UserAuthenticationTest@67389cb8]" started-at="2026-01-31T14:02:44 IST" name="flushTest" finished-at="2026-01-31T14:02:46 IST" duration-ms="1482" status="PASS">
          <reporter-output>
          </reporter-output>
        </test-method> <!-- flushTest -->
      </class> <!-- ecommerce.test.UserAuthenticationTest -->
    </test> <!-- Default test -->
  </suite> <!-- Default suite -->
</testng-results>
