<?xml version="1.0" encoding="UTF-8"?>
<testng-results ignored="0" total="1" passed="0" failed="1" skipped="0">
  <reporter-output>
  </reporter-output>
  <suite started-at="2026-01-31T19:00:21 IST" name="Default suite" finished-at="2026-01-31T19:00:46 IST" duration-ms="25036">
    <groups>
    </groups>
    <test started-at="2026-01-31T19:00:21 IST" name="Default test" finished-at="2026-01-31T19:00:46 IST" duration-ms="25036">
      <class name="ecommerce.test.UserAuthenticationTest">
        <test-method is-config="true" signature="setReports()[pri:0, instance:ecommerce.test.UserAuthenticationTest@f27ea3]" started-at="2026-01-31T19:00:21 IST" name="setReports" finished-at="2026-01-31T19:00:21 IST" duration-ms="420" status="PASS">
          <reporter-output>
          </reporter-output>
        </test-method> <!-- setReports -->
        <test-method is-config="true" signature="userAuthenticate()[pri:0, instance:ecommerce.test.UserAuthenticationTest@f27ea3]" started-at="2026-01-31T19:00:21 IST" name="userAuthenticate" finished-at="2026-01-31T19:00:32 IST" duration-ms="10795" status="PASS">
          <reporter-output>
          </reporter-output>
        </test-method> <!-- userAuthenticate -->
        <test-method signature="signUpUser(java.lang.String,java.lang.String,java.lang.String,java.lang.String,java.lang.String,java.lang.String,java.lang.String,java.lang.String,java.lang.String,java.lang.String,java.lang.String,java.lang.String,java.lang.String,java.lang.String,java.lang.String,java.lang.String,java.lang.String,java.lang.String,java.lang.String)[pri:0, instance:ecommerce.test.UserAuthenticationTest@f27ea3]" started-at="2026-01-31T19:00:32 IST" name="signUpUser" data-provider="signupData" finished-at="2026-01-31T19:00:38 IST" duration-ms="5682" status="FAIL">
          <params>
            <param index="0">
              <value>
                <![CDATA[Ashu]]>
              </value>
            </param>
            <param index="1">
              <value>
                <![CDATA[singhashu80@gmail.com]]>
              </value>
            </param>
            <param index="2">
              <value>
                <![CDATA[Male]]>
              </value>
            </param>
            <param index="3">
              <value>
                <![CDATA[Ashu]]>
              </value>
            </param>
            <param index="4">
              <value>
                <![CDATA[singhashu80@gmail.com]]>
              </value>
            </param>
            <param index="5">
              <value>
                <![CDATA[Ashu@123]]>
              </value>
            </param>
            <param index="6">
              <value>
                <![CDATA[17]]>
              </value>
            </param>
            <param index="7">
              <value>
                <![CDATA[March]]>
              </value>
            </param>
            <param index="8">
              <value>
                <![CDATA[1997]]>
              </value>
            </param>
            <param index="9">
              <value>
                <![CDATA[Ashu]]>
              </value>
            </param>
            <param index="10">
              <value>
                <![CDATA[Singh]]>
              </value>
            </param>
            <param index="11">
              <value>
                <![CDATA[AE]]>
              </value>
            </param>
            <param index="12">
              <value>
                <![CDATA[A 21]]>
              </value>
            </param>
            <param index="13">
              <value>
                <![CDATA[Dabua Colony]]>
              </value>
            </param>
            <param index="14">
              <value>
                <![CDATA[India]]>
              </value>
            </param>
            <param index="15">
              <value>
                <![CDATA[HR]]>
              </value>
            </param>
            <param index="16">
              <value>
                <![CDATA[FBD]]>
              </value>
            </param>
            <param index="17">
              <value>
                <![CDATA[121001]]>
              </value>
            </param>
            <param index="18">
              <value>
                <![CDATA[7042579843]]>
              </value>
            </param>
          </params>
          <exception class="java.lang.AssertionError">
            <message>
              <![CDATA[SignUp Failed for Email singhashu80@gmail.com(Email Already Exist..]]>
            </message>
            <full-stacktrace>
              <![CDATA[java.lang.AssertionError: SignUp Failed for Email singhashu80@gmail.com(Email Already Exist..
at org.testng.Assert.fail(Assert.java:99)
at ecommerce.main.UserAuthentication.signUP(UserAuthentication.java:134)
at ecommerce.test.UserAuthenticationTest.signUpUser(UserAuthenticationTest.java:49)
at java.base/jdk.internal.reflect.NativeMethodAccessorImpl.invoke0(Native Method)
at java.base/jdk.internal.reflect.NativeMethodAccessorImpl.invoke(NativeMethodAccessorImpl.java:77)
at java.base/jdk.internal.reflect.DelegatingMethodAccessorImpl.invoke(DelegatingMethodAccessorImpl.java:43)
at java.base/java.lang.reflect.Method.invoke(Method.java:568)
at org.testng.internal.MethodInvocationHelper.invokeMethod(MethodInvocationHelper.java:133)
at org.testng.internal.TestInvoker.invokeMethod(TestInvoker.java:598)
at org.testng.internal.TestInvoker.invokeTestMethod(TestInvoker.java:173)
at org.testng.internal.MethodRunner.runInSequence(MethodRunner.java:46)
at org.testng.internal.TestInvoker$MethodInvocationAgent.invoke(TestInvoker.java:824)
at org.testng.internal.TestInvoker.invokeTestMethods(TestInvoker.java:146)
at org.testng.internal.TestMethodWorker.invokeTestMethods(TestMethodWorker.java:146)
at org.testng.internal.TestMethodWorker.run(TestMethodWorker.java:128)
at java.base/java.util.ArrayList.forEach(ArrayList.java:1511)
at org.testng.TestRunner.privateRun(TestRunner.java:794)
at org.testng.TestRunner.run(TestRunner.java:596)
at org.testng.SuiteRunner.runTest(SuiteRunner.java:377)
at org.testng.SuiteRunner.runSequentially(SuiteRunner.java:371)
at org.testng.SuiteRunner.privateRun(SuiteRunner.java:332)
at org.testng.SuiteRunner.run(SuiteRunner.java:276)
at org.testng.SuiteRunnerWorker.runSuite(SuiteRunnerWorker.java:53)
at org.testng.SuiteRunnerWorker.run(SuiteRunnerWorker.java:96)
at org.testng.TestNG.runSuitesSequentially(TestNG.java:1212)
at org.testng.TestNG.runSuitesLocally(TestNG.java:1134)
at org.testng.TestNG.runSuites(TestNG.java:1063)
at org.testng.TestNG.run(TestNG.java:1031)
at org.testng.remote.AbstractRemoteTestNG.run(AbstractRemoteTestNG.java:115)
at org.testng.remote.RemoteTestNG.initAndRun(RemoteTestNG.java:293)
at org.testng.remote.RemoteTestNG.main(RemoteTestNG.java:91)
]]>
            </full-stacktrace>
          </exception> <!-- java.lang.AssertionError -->
          <reporter-output>
          </reporter-output>
        </test-method> <!-- signUpUser -->
        <test-method is-config="true" signature="setStatus(org.testng.ITestResult)[pri:0, instance:ecommerce.test.UserAuthenticationTest@f27ea3]" started-at="2026-01-31T19:00:39 IST" name="setStatus" finished-at="2026-01-31T19:00:42 IST" duration-ms="2721" status="PASS">
          <params>
            <param index="0">
              <value>
                <![CDATA[[TestResult name=signUpUser status=FAILURE method=UserAuthenticationTest.signUpUser(java.lang.String,java.lang.String,java.lang.String,java.lang.String,java.lang.String,java.lang.String,java.lang.String,java.lang.String,java.lang.String,java.lang.String,java.lang.String,java.lang.String,java.lang.String,java.lang.String,java.lang.String,java.lang.String,java.lang.String,java.lang.String,java.lang.String)[pri:0, instance:ecommerce.test.UserAuthenticationTest@f27ea3] output={null}]]]>
              </value>
            </param>
          </params>
          <reporter-output>
          </reporter-output>
        </test-method> <!-- setStatus -->
        <test-method is-config="true" signature="flushTest()[pri:0, instance:ecommerce.test.UserAuthenticationTest@f27ea3]" started-at="2026-01-31T19:00:42 IST" name="flushTest" finished-at="2026-01-31T19:00:46 IST" duration-ms="3859" status="PASS">
          <reporter-output>
          </reporter-output>
        </test-method> <!-- flushTest -->
      </class> <!-- ecommerce.test.UserAuthenticationTest -->
    </test> <!-- Default test -->
  </suite> <!-- Default suite -->
</testng-results>
