<?xml version="1.0" encoding="UTF-8"?>
<testng-results ignored="0" total="2" passed="2" failed="0" skipped="0">
  <reporter-output>
  </reporter-output>
  <suite started-at="2026-02-03T15:15:04 IST" name="Default suite" finished-at="2026-02-03T15:16:14 IST" duration-ms="69517">
    <groups>
    </groups>
    <test started-at="2026-02-03T15:15:04 IST" name="Default test" finished-at="2026-02-03T15:16:14 IST" duration-ms="69517">
      <class name="ecommerce.test.UserAuthenticationTest">
        <test-method is-config="true" signature="setReports()[pri:0, instance:ecommerce.test.UserAuthenticationTest@1ce61929]" started-at="2026-02-03T15:15:04 IST" name="setReports" finished-at="2026-02-03T15:15:05 IST" duration-ms="545" status="PASS">
          <reporter-output>
          </reporter-output>
        </test-method> <!-- setReports -->
        <test-method is-config="true" signature="userAuthenticate()[pri:0, instance:ecommerce.test.UserAuthenticationTest@1ce61929]" started-at="2026-02-03T15:15:05 IST" name="userAuthenticate" finished-at="2026-02-03T15:15:15 IST" duration-ms="10341" status="PASS">
          <reporter-output>
          </reporter-output>
        </test-method> <!-- userAuthenticate -->
        <test-method signature="loginUsersWithValidCreds(java.lang.String,java.lang.String)[pri:0, instance:ecommerce.test.UserAuthenticationTest@1ce61929]" started-at="2026-02-03T15:15:15 IST" name="loginUsersWithValidCreds" data-provider="loginDataValid" finished-at="2026-02-03T15:15:42 IST" duration-ms="26708" status="PASS">
          <params>
            <param index="0">
              <value>
                <![CDATA[singhashu772@gmail.com]]>
              </value>
            </param>
            <param index="1">
              <value>
                <![CDATA[RmHwVwGlHuIiRHANOx9RVQ==]]>
              </value>
            </param>
          </params>
          <reporter-output>
          </reporter-output>
        </test-method> <!-- loginUsersWithValidCreds -->
        <test-method is-config="true" signature="userAuthenticate()[pri:0, instance:ecommerce.test.UserAuthenticationTest@1ce61929]" started-at="2026-02-03T15:15:42 IST" name="userAuthenticate" finished-at="2026-02-03T15:15:50 IST" duration-ms="7485" status="PASS">
          <reporter-output>
          </reporter-output>
        </test-method> <!-- userAuthenticate -->
        <test-method signature="loginUsersWithValidCreds(java.lang.String,java.lang.String)[pri:0, instance:ecommerce.test.UserAuthenticationTest@1ce61929]" started-at="2026-02-03T15:15:50 IST" name="loginUsersWithValidCreds" data-provider="loginDataValid" finished-at="2026-02-03T15:16:11 IST" duration-ms="21103" status="PASS">
          <params>
            <param index="0">
              <value>
                <![CDATA[singhashu10@gmail.com]]>
              </value>
            </param>
            <param index="1">
              <value>
                <![CDATA[RmHwVwGlHuIiRHANOx9RVQ==]]>
              </value>
            </param>
          </params>
          <reporter-output>
          </reporter-output>
        </test-method> <!-- loginUsersWithValidCreds -->
        <test-method is-config="true" signature="flushTest()[pri:0, instance:ecommerce.test.UserAuthenticationTest@1ce61929]" started-at="2026-02-03T15:16:11 IST" name="flushTest" finished-at="2026-02-03T15:16:14 IST" duration-ms="3051" status="FAIL">
          <exception class="org.openqa.selenium.NoSuchSessionException">
            <message>
              <![CDATA[Session ID is null. Using WebDriver after calling quit()?
Build info: version: '4.40.0', revision: 'b3333f1'
System info: os.name: 'Windows 11', os.arch: 'amd64', os.version: '10.0', java.version: '17.0.10'
Driver info: org.openqa.selenium.chrome.ChromeDriver
Command: [null, close {}]
Capabilities {acceptInsecureCerts: false, browserName: chrome, browserVersion: 144.0.7559.110, chrome: {chromedriverVersion: 144.0.7559.109 (6a8d5e49388..., userDataDir: C:\WINDOWS\SystemTemp\scope...}, fedcm:accounts: true, goog:chromeOptions: {debuggerAddress: localhost:60724}, goog:processID: 22192, networkConnectionEnabled: false, pageLoadStrategy: normal, platformName: windows, proxy: Proxy(), se:cdp: ws://localhost:60724/devtoo..., se:cdpVersion: 144.0.7559.110, setWindowRect: true, strictFileInteractability: false, timeouts: {implicit: 0, pageLoad: 300000, script: 30000}, unhandledPromptBehavior: dismiss and notify, webauthn:extension:credBlob: true, webauthn:extension:largeBlob: true, webauthn:extension:minPinLength: true, webauthn:extension:prf: true, webauthn:virtualAuthenticators: true}]]>
            </message>
            <full-stacktrace>
              <![CDATA[org.openqa.selenium.NoSuchSessionException: Session ID is null. Using WebDriver after calling quit()?
Build info: version: '4.40.0', revision: 'b3333f1'
System info: os.name: 'Windows 11', os.arch: 'amd64', os.version: '10.0', java.version: '17.0.10'
Driver info: org.openqa.selenium.chrome.ChromeDriver
Command: [null, close {}]
Capabilities {acceptInsecureCerts: false, browserName: chrome, browserVersion: 144.0.7559.110, chrome: {chromedriverVersion: 144.0.7559.109 (6a8d5e49388..., userDataDir: C:\WINDOWS\SystemTemp\scope...}, fedcm:accounts: true, goog:chromeOptions: {debuggerAddress: localhost:60724}, goog:processID: 22192, networkConnectionEnabled: false, pageLoadStrategy: normal, platformName: windows, proxy: Proxy(), se:cdp: ws://localhost:60724/devtoo..., se:cdpVersion: 144.0.7559.110, setWindowRect: true, strictFileInteractability: false, timeouts: {implicit: 0, pageLoad: 300000, script: 30000}, unhandledPromptBehavior: dismiss and notify, webauthn:extension:credBlob: true, webauthn:extension:largeBlob: true, webauthn:extension:minPinLength: true, webauthn:extension:prf: true, webauthn:virtualAuthenticators: true}
at org.openqa.selenium.remote.HttpCommandExecutor.execute(HttpCommandExecutor.java:184)
at org.openqa.selenium.remote.service.DriverCommandExecutor.invokeExecute(DriverCommandExecutor.java:216)
at org.openqa.selenium.remote.service.DriverCommandExecutor.execute(DriverCommandExecutor.java:174)
at org.openqa.selenium.remote.RemoteWebDriver.execute(RemoteWebDriver.java:601)
at org.openqa.selenium.remote.RemoteWebDriver.execute(RemoteWebDriver.java:678)
at org.openqa.selenium.remote.RemoteWebDriver.execute(RemoteWebDriver.java:682)
at org.openqa.selenium.remote.RemoteWebDriver.close(RemoteWebDriver.java:474)
at ecommerce.project.base.BaseClass.flushTest(BaseClass.java:127)
at java.base/jdk.internal.reflect.NativeMethodAccessorImpl.invoke0(Native Method)
at java.base/jdk.internal.reflect.NativeMethodAccessorImpl.invoke(NativeMethodAccessorImpl.java:77)
at java.base/jdk.internal.reflect.DelegatingMethodAccessorImpl.invoke(DelegatingMethodAccessorImpl.java:43)
at java.base/java.lang.reflect.Method.invoke(Method.java:568)
at org.testng.internal.MethodInvocationHelper.invokeMethod(MethodInvocationHelper.java:133)
at org.testng.internal.MethodInvocationHelper.invokeMethodConsideringTimeout(MethodInvocationHelper.java:62)
at org.testng.internal.ConfigInvoker.invokeConfigurationMethod(ConfigInvoker.java:385)
at org.testng.internal.ConfigInvoker.invokeConfigurations(ConfigInvoker.java:321)
at org.testng.TestRunner.invokeTestConfigurations(TestRunner.java:637)
at org.testng.TestRunner.afterRun(TestRunner.java:877)
at org.testng.TestRunner.run(TestRunner.java:599)
at org.testng.SuiteRunner.runTest(SuiteRunner.java:377)
at org.testng.SuiteRunner.runSequentially(SuiteRunner.java:371)
at org.testng.SuiteRunner.privateRun(SuiteRunner.java:332)
at org.testng.SuiteRunner.run(SuiteRunner.java:276)
at org.testng.SuiteRunnerWorker.runSuite(SuiteRunnerWorker.java:53)
at org.testng.SuiteRunnerWorker.run(SuiteRunnerWorker.java:96)
at org.testng.TestNG.runSuitesSequentially(TestNG.java:1212)
at org.testng.TestNG.runSuitesLocally(TestNG.java:1134)
at org.testng.TestNG.runSuites(TestNG.java:1063)
at org.testng.TestNG.run(TestNG.java:1031)
at org.testng.remote.AbstractRemoteTestNG.run(AbstractRemoteTestNG.java:115)
at org.testng.remote.RemoteTestNG.initAndRun(RemoteTestNG.java:293)
at org.testng.remote.RemoteTestNG.main(RemoteTestNG.java:91)
]]>
            </full-stacktrace>
          </exception> <!-- org.openqa.selenium.NoSuchSessionException -->
          <reporter-output>
          </reporter-output>
        </test-method> <!-- flushTest -->
      </class> <!-- ecommerce.test.UserAuthenticationTest -->
    </test> <!-- Default test -->
  </suite> <!-- Default suite -->
</testng-results>
